<?xml version="1.0" encoding="UTF-8"?>
<!-- Generated by org.testng.reporters.JUnitReportReporter -->
<testsuite hostname="DESKTOP-3PU757K" failures="0" tests="1" name="WebApplication.Elements" time="10.696" errors="0" timestamp="2022-05-25T13:44:05 IST" skipped="0">
  <testcase classname="WebApplication.Elements" name="firstMethod" time="10.696"/>
  <system-out/>
</testsuite> <!-- WebApplication.Elements -->
