<?xml version="1.0" encoding="UTF-8"?>
<!-- Generated by org.testng.reporters.JUnitReportReporter -->
<testsuite skipped="0" hostname="DESKTOP-3PU757K" name="WebApplication_TestClass.Apsrtc_homesecreen_TestClass" tests="1" failures="0" timestamp="2022-06-07T10:57:21 IST" time="6.595" errors="0">
  <testcase name="getUrl" time="6.595" classname="WebApplication_TestClass.Apsrtc_homesecreen_TestClass"/>
  <system-out/>
</testsuite> <!-- WebApplication_TestClass.Apsrtc_homesecreen_TestClass -->
