<?xml version="1.0" encoding="UTF-8"?>
<!-- Generated by org.testng.reporters.JUnitReportReporter -->
<testsuite hostname="DESKTOP-3PU757K" failures="0" tests="2" name="WebApplication.Base_Class" time="2.595" errors="0" timestamp="2022-05-25T18:31:42 IST" skipped="0">
  <testcase classname="WebApplication.Base_Class" name="getProperties" time="0.007"/>
  <system-out/>
  <testcase classname="WebApplication.Base_Class" name="initBrowser" time="2.588"/>
  <system-out/>
</testsuite> <!-- WebApplication.Base_Class -->
