<?xml version="1.0" encoding="UTF-8"?>
<!-- Generated by org.testng.reporters.JUnitReportReporter -->
<testsuite hostname="DESKTOP-3PU757K" failures="0" tests="1" name="Spicejet" time="5.904" errors="0" timestamp="2022-06-02T16:35:15 IST" skipped="0">
  <testcase classname="Spicejet" name="spicejetApplication" time="5.904"/>
  <system-out/>
</testsuite> <!-- Spicejet -->
